##afar : 'afr,
?property
"conjClass"
"pdgmType"
"polarity"
"tam"
##akkadian-ob : 'aob,
?property
"ablautClass"
"derivedStem"
"rootClass"
"tam"
##alaaba : 'alb,
?property
"clauseType"
"polarity"
"tam"
"verbMorphClass"
##arabic : 'arb,
?property
"aspect"
"derivedStem"
"mood"
"tam"
"voice"
##arbore : 'abr,
?property
"clauseType"
"conjClass"
"defClass"
"derivedStem"
"formType"
"mood"
"note"
"patternClass"
"pdgmType"
"polarity"
"selectorProClass"
"stemClass"
"subconjClass"
"tam"
##awngi : 'awn,
?property
"clauseType"
"defClass"
"polarity"
"tam"
"varB"
"varClass"
"verbMorphClass"
##bayso : 'bay,
?property
"conjClass"
"polarity"
"tam"
"verbMorphClass"
##beja-arteiga : 'bar,
?property
"conjClass"
"derivedStem"
"derivedStemAug"
"formType"
"pdgmType"
"polarity"
"rootClass"
"tam"
##beja-atmaan : 'bat,
?property
"conjClass"
"conjSubType"
"derivedStemAug"
"nonFiniteForm"
"pdgmType"
"polarity"
"rootClass"
"stemClass"
"strength"
"tam"
##beja-beniamer : 'bbe,
?property
"conjClass"
"conjSubType"
"morphClass"
"pdgmSubType"
"pdgmType"
"polarity"
"rootClass"
"stemClass"
"tam"
"type"
##beja-bishari : 'bbi,
?property
"conjClass"
"derivedStem"
"nonFiniteForm"
"polarity"
"proClass"
"rootClass"
"tam"
"verbMorphClass"
##beja-hadendowa : 'bha,
?property
"clause"
"clauseType"
"conjClass"
"polarity"
"rootClass"
"tam"
"verbMorphClass"
##bilin : 'bil,
?property
"aspect"
"clauseType"
"conjClass"
"finiteForm"
"numberGenderHead"
"pdgmType"
"pngSet"
"polarity"
"tam"
##boni-jara : 'boj,
?property
"aspect"
"conjClass"
"mood"
"polarity"
"tam"
##boni-kijee-bala : 'bob,
?property
"conjClass"
"polarity"
"tam"
##boni-kilii : 'bok,
?property
"aspect"
"conjClass"
"deAdjClass"
"formType"
"mood"
"polarity"
"tam"
"type"
"verbMorphClass"
##burji : 'bur,
?property
"clauseMarker"
"conjClass"
"derivedStem"
"focus"
"formType"
"pdgmType"
"polarity"
"proType"
"tam"
"verbClass"
"verbMorphClass"
##burunge : 'brn,
?property
"affirmationType"
"derivedStem"
"genderObj"
"numObj"
"numSubj"
"orientationSel"
"polarity"
"stemClass"
"tam"
"tenseSel"
"verbMorphClass"
##coptic-sahidic : 'csa,
?property
"clauseConjugation"
"clauseType"
"formClass"
"polarity"
"stemClass"
"tam"
##dahalo : 'dah,
?property
"aspect"
"polarity"
"tam"
##dhaasanac : 'dha,
?property
"pdgmType"
"pngShapeClass"
"tam"
##dizi : 'diz,
?property
"morphClass"
"polarity"
"tam"
##egyptian-middle : 'egm,
?property
##elmolo : 'elm,
?property
"conjClass"
"derivedCategory"
"patternClass"
"polarity"
"tam"
"verbMorphClass"
##gawwada : 'gaw,
?property
"inflClass"
"pdgmType"
"polarity"
"tam"
"tense2"
"verbMorphClass"
##gedeo : 'ged,
?property
"polarity"
"tam"
##geez : 'gez,
?property
"derivedStem"
"rootClass"
"stemClass"
"tam"
##hadiyya : 'had,
?property
"polarity"
"tam"
##hebrew : 'heb,
?property
"ablautClass"
"derivedStem"
"rootClass"
"tam"
"verbMorphClass"
##iraqw : 'irq,
?property
"conjClass"
"mood"
"polarity"
"tam"
"verbMorphClass"
##kambaata : 'kam,
?property
"polarity"
"tam"
##kemant : 'kem,
?property
"aspect"
"genderHeadRel"
"numHeadRel"
"pdgmType"
"polarity"
"tam"
##khamtanga : 'khm,
?property
"clauseType"
"conjClass"
"genderHead"
"genderPoss"
"numHead"
"polarity"
"tam"
##koorete : 'kor,
?property
"conjClass"
"focus"
"pdgmClass"
"polarity"
"tam"
##maale : 'mal,
?property
"clauseType"
"modal"
"polarity"
"tam"
"verbMorphClass"
##oromo : 'orm,
?property
"clauseType"
"derivedStem"
"formType"
"polarity"
"structure"
"tam"
##rendille : 'ren,
?property
"clauseType"
"conjClaspdgmLexs"
"conjClass"
"conjSubType"
"derivedStem"
"polarity"
"tam"
##saho : 'sah,
?property
"conjClass"
"derivedStem"
"nonFiniteForm"
"polarity"
"tam"
##shinassha : 'shn,
?property
"complement"
"conjClass"
"mood"
"polarity"
"tam"
"verbMorphClass"
##sidaama : 'sid,
?property
"pdgmType"
"polarity"
"tam"
"verbMorphClass"
##somali-standard : 'sst,
?property
"clauseCase"
"clauseType"
"conjClass"
"conjSubClass"
"pdgmType"
"pngShapeClass"
"polarity"
"tam"
##syriac : 'syr,
?property
##tsamakko : 'tsm,
?property
"conjClass"
"polarity"
"stemShape"
"suffixSet"
"tam"
"verbMorphClass"
##wolaytta : 'wol,
?property
"complement"
"mood"
"polarity"
"tam"
"verbMorphClass"
##yaaku : 'yak,
?property
"aspect"
"conjClass"
"copForm"
"polarity"
"tam"
"verbMorphClass"
##yemsa : 'yem,
?property
"conjClass"
"polarity"
"tam"
"verbMorphClass"
##afar : 'afr,
?property
"conjClass"
"pdgmType"
"polarity"
"tam"
"token"
##akkadian-ob : 'aob,
?property
"ablautClass"
"derivedStem"
"rootClass"
"tam"
"token"
"token-pref"
"token-stem"
"token-suff"
##alaaba : 'alb,
?property
"clauseType"
"polarity"
"tam"
"token"
"token-aspectMarking"
"token-onlyVerb"
"verbMorphClass"
##arabic : 'arb,
?property
"aspect"
"derivedStem"
"mood"
"tam"
"token"
"token-prefix"
"token-stem"
"token-suffix"
"voice"
##arbore : 'abr,
?property
"clauseType"
"conjClass"
"defClass"
"derivedStem"
"formType"
"mood"
"note"
"patternClass"
"pdgmType"
"polarity"
"selectorProClass"
"stemClass"
"subconjClass"
"tam"
"token"
"token-prefGroup"
"token-selGroup"
"token-stem"
"token-suffix"
##awngi : 'awn,
?property
"clauseType"
"defClass"
"polarity"
"tam"
"token"
"varB"
"varClass"
"verbMorphClass"
##bayso : 'bay,
?property
"conjClass"
"polarity"
"tam"
"token"
"verbMorphClass"
##beja-arteiga : 'bar,
?property
"conjClass"
"derivedStem"
"derivedStemAug"
"formType"
"pdgmType"
"polarity"
"rootClass"
"tam"
"token"
##beja-atmaan : 'bat,
?property
"conjClass"
"conjSubType"
"derivedStemAug"
"nonFiniteForm"
"pdgmType"
"polarity"
"rootClass"
"stemClass"
"strength"
"tam"
"token"
"token-1"
"token-2"
"token-aux"
"token-gloss"
"token-lex"
"token-main"
"token2"
##beja-beniamer : 'bbe,
?property
"conjClass"
"conjSubType"
"morphClass"
"pdgmSubType"
"pdgmType"
"polarity"
"rootClass"
"stemClass"
"tam"
"token"
"type"
##beja-bishari : 'bbi,
?property
"conjClass"
"derivedStem"
"nonFiniteForm"
"polarity"
"proClass"
"rootClass"
"tam"
"token"
"verbMorphClass"
##beja-hadendowa : 'bha,
?property
"clause"
"clauseType"
"conjClass"
"polarity"
"rootClass"
"tam"
"token"
"verbMorphClass"
##bilin : 'bil,
?property
"aspect"
"clauseType"
"conjClass"
"finiteForm"
"numberGenderHead"
"pdgmType"
"pngSet"
"polarity"
"tam"
"token"
##boni-jara : 'boj,
?property
"aspect"
"conjClass"
"mood"
"polarity"
"tam"
"token"
##boni-kijee-bala : 'bob,
?property
"conjClass"
"polarity"
"tam"
"token"
##boni-kilii : 'bok,
?property
"aspect"
"conjClass"
"deAdjClass"
"formType"
"mood"
"polarity"
"tam"
"token"
"type"
"verbMorphClass"
##burji : 'bur,
?property
"clauseMarker"
"conjClass"
"derivedStem"
"focus"
"formType"
"pdgmType"
"polarity"
"proType"
"tam"
"token"
"token-pro"
"token-suff"
"verbClass"
"verbMorphClass"
##burunge : 'brn,
?property
"affirmationType"
"derivedStem"
"genderObj"
"numObj"
"numSubj"
"orientationSel"
"polarity"
"stemClass"
"tam"
"tenseSel"
"token"
"token-sel"
"token-stemSuff"
"verbMorphClass"
##coptic-sahidic : 'csa,
?property
"clauseConjugation"
"clauseType"
"formClass"
"polarity"
"stemClass"
"tam"
"token"
"token-note"
"token-varPref"
##dahalo : 'dah,
?property
"aspect"
"polarity"
"tam"
"token"
"token-template"
##dhaasanac : 'dha,
?property
"pdgmType"
"pngShapeClass"
"tam"
"token"
##dizi : 'diz,
?property
"morphClass"
"polarity"
"tam"
"token"
##egyptian-middle : 'egm,
?property
##elmolo : 'elm,
?property
"conjClass"
"derivedCategory"
"patternClass"
"polarity"
"tam"
"token"
"token-affix"
"verbMorphClass"
##gawwada : 'gaw,
?property
"inflClass"
"pdgmType"
"polarity"
"tam"
"tense2"
"token"
"token-gloss"
"verbMorphClass"
##gedeo : 'ged,
?property
"polarity"
"tam"
"token"
##geez : 'gez,
?property
"derivedStem"
"rootClass"
"stemClass"
"tam"
"token"
"token-pref"
"token-stem"
"token-suff"
##hadiyya : 'had,
?property
"polarity"
"tam"
"token"
##hebrew : 'heb,
?property
"ablautClass"
"derivedStem"
"rootClass"
"tam"
"token"
"token-pref"
"token-stem"
"token-suff"
"verbMorphClass"
##iraqw : 'irq,
?property
"conjClass"
"mood"
"polarity"
"tam"
"token"
"token-selector"
"verbMorphClass"
##kambaata : 'kam,
?property
"polarity"
"tam"
"token"
##kemant : 'kem,
?property
"aspect"
"genderHeadRel"
"numHeadRel"
"pdgmType"
"polarity"
"tam"
"token"
##khamtanga : 'khm,
?property
"clauseType"
"conjClass"
"genderHead"
"genderPoss"
"numHead"
"polarity"
"tam"
"token"
##koorete : 'kor,
?property
"conjClass"
"focus"
"pdgmClass"
"polarity"
"tam"
"token"
"token-aux"
"token-main"
"token-pro"
##maale : 'mal,
?property
"clauseType"
"modal"
"polarity"
"tam"
"token"
"token-aspSuff"
"token-clauseSuff"
"token-glossNote"
"token-vStem"
"verbMorphClass"
##oromo : 'orm,
?property
"clauseType"
"derivedStem"
"formType"
"polarity"
"tam"
"token"
"token-aux"
"token-encliticized"
"token-main"
"token-structAux"
"token-structMain"
"token-structure"
##rendille : 'ren,
?property
"clauseType"
"conjClaspdgmLexs"
"conjClass"
"conjSubType"
"derivedStem"
"polarity"
"tam"
"token"
##saho : 'sah,
?property
"conjClass"
"derivedStem"
"nonFiniteForm"
"polarity"
"tam"
"token"
"token-gloss"
##shinassha : 'shn,
?property
"complement"
"conjClass"
"mood"
"polarity"
"tam"
"token"
"token-aux"
"verbMorphClass"
##sidaama : 'sid,
?property
"pdgmType"
"polarity"
"tam"
"token"
"token-genF"
"token-genM"
"token-numPers"
"token-structure"
"token-tense"
"verbMorphClass"
##somali-standard : 'sst,
?property
"clauseCase"
"clauseType"
"conjClass"
"conjSubClass"
"pdgmType"
"pngShapeClass"
"polarity"
"tam"
"token"
"token-preverb"
##syriac : 'syr,
?property
##tsamakko : 'tsm,
?property
"conjClass"
"polarity"
"stemShape"
"suffixSet"
"tam"
"token"
"verbMorphClass"
##wolaytta : 'wol,
?property
"complement"
"mood"
"polarity"
"tam"
"token"
"token-aux"
"verbMorphClass"
##yaaku : 'yak,
?property
"aspect"
"conjClass"
"copForm"
"polarity"
"tam"
"token"
"verbMorphClass"
##yemsa : 'yem,
?property
"conjClass"
"polarity"
"tam"
"token"
"token-aux"
"token-conjV"
"verbMorphClass"
